<?xml version="1.0" encoding="UTF-8"?>
<!-- Generated by org.testng.reporters.JUnitXMLReporter -->
<testsuite ignored="1" hostname="Alnobl" failures="0" tests="5" name="Default test" time="0.14" errors="0" timestamp="2024-11-02T21:27:01 AST">
  <testcase classname="signUp.Mainpage" name="testSuite1" time="0.007"/>
  <testcase classname="signUp.Mainpage" name="testSuite1" time="0.002"/>
  <testcase classname="signUp.Mainpage" name="testSuite1" time="0.004"/>
  <testcase classname="signUp.Mainpage" name="testSuite1" time="0.002"/>
  <testcase classname="signUp.Mainpage" name="testSuite1" time="0.001"/>
  <testcase classname="signUp.Mainpage" name="testSuite" time="0.0">
    <ignored/>
  </testcase> <!-- testSuite -->
</testsuite> <!-- Default test -->
