<?xml version="1.0" encoding="UTF-8"?>
<!-- Generated by org.testng.reporters.JUnitXMLReporter -->
<testsuite ignored="0" hostname="Alnobl" failures="0" tests="5" name="Default test" time="9.853" errors="0" timestamp="2024-11-03T22:39:01 AST">
  <testcase classname="signUp.Mainpage" name="checkstatus" time="0.037"/>
  <testcase classname="signUp.Mainpage" name="registrationPage" time="0.815"/>
  <testcase classname="signUp.Mainpage" name="testOnly" time="0.043"/>
  <testcase classname="signUp.Mainpage" name="testSuite" time="1.563"/>
  <testcase classname="signUp.Mainpage" name="loginTest" time="3.851"/>
</testsuite> <!-- Default test -->
