<?xml version="1.0" encoding="UTF-8"?>
<testng-results ignored="1" total="6" passed="5" failed="0" skipped="0">
  <reporter-output>
  </reporter-output>
  <suite started-at="2024-11-02T21:27:01 AST" name="Default suite" finished-at="2024-11-02T21:27:01 AST" duration-ms="140">
    <groups>
    </groups>
    <test started-at="2024-11-02T21:27:01 AST" name="Default test" finished-at="2024-11-02T21:27:01 AST" duration-ms="140">
      <class name="signUp.Mainpage">
        <test-method is-config="true" signature="setUp()[pri:0, instance:signUp.Mainpage@68be8808]" started-at="2024-11-02T21:27:01 AST" name="setUp" finished-at="2024-11-02T21:27:01 AST" duration-ms="59" status="PASS">
          <reporter-output>
          </reporter-output>
        </test-method> <!-- setUp -->
        <test-method signature="testSuite1()[pri:0, instance:signUp.Mainpage@68be8808]" started-at="2024-11-02T21:27:01 AST" name="testSuite1" finished-at="2024-11-02T21:27:01 AST" duration-ms="7" status="PASS">
          <reporter-output>
          </reporter-output>
        </test-method> <!-- testSuite1 -->
        <test-method signature="testSuite1()[pri:0, instance:signUp.Mainpage@68be8808]" started-at="2024-11-02T21:27:01 AST" name="testSuite1" finished-at="2024-11-02T21:27:01 AST" duration-ms="2" status="PASS">
          <reporter-output>
          </reporter-output>
        </test-method> <!-- testSuite1 -->
        <test-method signature="testSuite1()[pri:0, instance:signUp.Mainpage@68be8808]" started-at="2024-11-02T21:27:01 AST" name="testSuite1" finished-at="2024-11-02T21:27:01 AST" duration-ms="4" status="PASS">
          <reporter-output>
          </reporter-output>
        </test-method> <!-- testSuite1 -->
        <test-method signature="testSuite1()[pri:0, instance:signUp.Mainpage@68be8808]" started-at="2024-11-02T21:27:01 AST" name="testSuite1" finished-at="2024-11-02T21:27:01 AST" duration-ms="2" status="PASS">
          <reporter-output>
          </reporter-output>
        </test-method> <!-- testSuite1 -->
        <test-method signature="testSuite1()[pri:0, instance:signUp.Mainpage@68be8808]" started-at="2024-11-02T21:27:01 AST" name="testSuite1" finished-at="2024-11-02T21:27:01 AST" duration-ms="1" status="PASS">
          <reporter-output>
          </reporter-output>
        </test-method> <!-- testSuite1 -->
      </class> <!-- signUp.Mainpage -->
    </test> <!-- Default test -->
  </suite> <!-- Default suite -->
</testng-results>
